SF:lib/src/ffmpeg_kit.dart
DA:11,1
DA:17,1
DA:21,1
DA:22,2
DA:24,1
DA:25,2
DA:29,2
DA:32,2
DA:34,1
DA:36,2
DA:37,1
DA:43,2
DA:57,1
DA:67,2
DA:68,2
DA:76,1
DA:77,1
DA:78,1
DA:83,4
DA:84,1
DA:86,1
DA:89,1
DA:92,1
DA:94,1
DA:96,2
DA:101,1
DA:116,2
DA:118,1
DA:120,4
DA:121,1
DA:122,1
DA:126,1
DA:133,1
DA:139,5
DA:147,4
DA:148,1
DA:151,2
DA:155,4
DA:156,1
DA:157,1
DA:162,1
DA:175,1
DA:185,1
DA:189,4
DA:190,1
DA:191,1
DA:195,1
LF:47
LH:47
end_of_record
SF:lib/my_maker_video.dart
DA:7,0
LF:1
LH:0
end_of_record
