SF:lib/src/ffmpeg_kit.dart
DA:18,1
DA:27,1
DA:31,1
DA:32,2
DA:34,1
DA:35,2
DA:41,2
DA:45,2
DA:47,1
DA:49,2
DA:50,1
DA:57,2
DA:73,1
DA:83,2
DA:84,2
DA:92,1
DA:93,1
DA:94,1
DA:99,4
DA:100,1
DA:102,1
DA:105,1
DA:108,1
DA:110,1
DA:112,2
DA:118,1
DA:133,2
DA:135,1
DA:137,4
DA:138,1
DA:139,1
DA:143,1
DA:151,1
DA:157,5
DA:165,4
DA:166,1
DA:169,2
DA:173,4
DA:174,1
DA:175,1
DA:180,1
DA:194,1
DA:204,1
DA:208,4
DA:209,1
DA:210,1
DA:214,1
LF:47
LH:47
end_of_record
SF:lib/my_maker_video.dart
DA:13,0
LF:1
LH:0
end_of_record
